This is pdfTeX, Version 3.14159265-2.6-1.40.16 (TeX Live 2015/Debian) (preloaded format=pdflatex 2018.3.28)  12 APR 2018 18:18
entering extended mode
 restricted \write18 enabled.
 file:line:error style messages enabled.
 %&-line parsing enabled.
**kvdoc.tex
(/home/richsoap/Workspaces/ThreeGrade2.0/微机接口实验/latex/Lab_Write_Up_Template/Lab_Template/kvdoc.tex
LaTeX2e <2016/02/01>
Babel <3.9q> and hyphenation patterns for 81 language(s) loaded.
(/usr/share/texlive/texmf-dist/tex/latex/base/article.cls
Document Class: article 2014/09/29 v1.4h Standard LaTeX document class
(/usr/share/texlive/texmf-dist/tex/latex/base/size10.clo
File: size10.clo 2014/09/29 v1.4h Standard LaTeX file (size option)
)
\c@part=\count79
\c@section=\count80
\c@subsection=\count81
\c@subsubsection=\count82
\c@paragraph=\count83
\c@subparagraph=\count84
\c@figure=\count85
\c@table=\count86
\abovecaptionskip=\skip41
\belowcaptionskip=\skip42
\bibindent=\dimen102
) (/home/richsoap/Workspaces/ThreeGrade2.0/微机接口实验/latex/Lab_Write_Up_Template/Lab_Template/kvmacros.tex

Macros for typesetting Karnaugh maps and Veitch charts
Version of January 7th, 2002
by Andreas W. Wieland, awwieland@gmx.de

\kvunitlength=\dimen103
\kvrecursiondepth=\count87
\kvindexcounter=\count88
\kvxsize=\count89
\kvysize=\count90
\kvvarno=\count91
\kvxvarno=\count92
\kvyvarno=\count93
\kvmarkstart=\count94
\kvmarklength=\count95
\kvmarknum=\count96
\kvmarkmove=\count97
\kvsavebox=\box26
) (/home/richsoap/Workspaces/ThreeGrade2.0/微机接口实验/latex/Lab_Write_Up_Template/Lab_Template/kvdoc.aux)
\openout1 = `kvdoc.aux'.

LaTeX Font Info:    Checking defaults for OML/cmm/m/it on input line 4.
LaTeX Font Info:    ... okay on input line 4.
LaTeX Font Info:    Checking defaults for T1/cmr/m/n on input line 4.
LaTeX Font Info:    ... okay on input line 4.
LaTeX Font Info:    Checking defaults for OT1/cmr/m/n on input line 4.
LaTeX Font Info:    ... okay on input line 4.
LaTeX Font Info:    Checking defaults for OMS/cmsy/m/n on input line 4.
LaTeX Font Info:    ... okay on input line 4.
LaTeX Font Info:    Checking defaults for OMX/cmex/m/n on input line 4.
LaTeX Font Info:    ... okay on input line 4.
LaTeX Font Info:    Checking defaults for U/cmr/m/n on input line 4.
LaTeX Font Info:    ... okay on input line 4.
LaTeX Font Info:    External font `cmex10' loaded for size
(Font)              <17.28> on input line 8.
LaTeX Font Info:    External font `cmex10' loaded for size
(Font)              <12> on input line 8.
LaTeX Font Info:    External font `cmex10' loaded for size
(Font)              <8> on input line 8.
LaTeX Font Info:    External font `cmex10' loaded for size
(Font)              <6> on input line 8.
LaTeX Font Info:    External font `cmex10' loaded for size
(Font)              <7> on input line 13.
LaTeX Font Info:    External font `cmex10' loaded for size
(Font)              <5> on input line 13.
 [1

{/var/lib/texmf/fonts/map/pdftex/updmap/pdftex.map}] [2]
Overfull \hbox (32.9967pt too wide) in paragraph at lines 146--146
[]\OT1/cmtt/m/n/10 \karnaughmap{4}{$f(a,b,c,d):$}{{$a$}{$b$}{$c$}{$d$}}{0110011001100110}{}[] 
 []

[3] [4]
Underfull \hbox (badness 1831) in paragraph at lines 208--213
[]\OT1/cmr/m/n/10 This re-sults in the fol-low-ing Kar-naugh map. The set-ting of the
 []


Underfull \hbox (badness 1635) in paragraph at lines 208--213
[]\OT1/cmtt/m/n/10 \kvunitlength \OT1/cmr/m/n/10 re-mains ac-tive un-til you change it again;[] the de-fault
 []

[5]
Underfull \hbox (badness 1275) in paragraph at lines 246--252
[]\OT1/cmr/m/n/10 Usually, the font size of the map's con-tents and in-dices should be
 []

[6] [7] [8] [9] [10] [11] [12]
Overfull \hbox (14.09583pt too wide) in paragraph at lines 915--915
[]\OT1/cmtt/m/n/9 %% Anyway, if you use my macros, send me an eMail, too. I would like to know[] 
 []


Overfull \hbox (9.37088pt too wide) in paragraph at lines 915--915
[]\OT1/cmtt/m/n/9 %% it is distributed together with `kvdoc.tex', `kvdoc.dvi' and `kvdoc.ps'.[] 
 []


Overfull \hbox (4.64594pt too wide) in paragraph at lines 915--915
[]\OT1/cmtt/m/n/9 %% August 19th, 1998: Minor changes to make the lines within the maps look[] 
 []


Overfull \hbox (18.82077pt too wide) in paragraph at lines 915--915
[]\OT1/cmtt/m/n/9 %% better, also moved the variable identifiers from the right to the left and[] 
 []


Overfull \hbox (23.54572pt too wide) in paragraph at lines 915--915
[]\OT1/cmtt/m/n/9 %% instead of 4 parameters. I also included the documentation in an additional[] 
 []


Overfull \hbox (14.09583pt too wide) in paragraph at lines 915--915
[]\OT1/cmtt/m/n/9 %% September 23rd, 1998: Fixed the problem with double braces by introducing[] 
 []


Overfull \hbox (18.82077pt too wide) in paragraph at lines 915--915
[]\OT1/cmtt/m/n/9 %% May 19th, 1999: Changed the documentation (which was months overdue) after[] 
 []


Overfull \hbox (14.09583pt too wide) in paragraph at lines 915--915
[]\OT1/cmtt/m/n/9 %% changed. Probably I should introduce macros for typesetting Veitch charts[] 
 []


Overfull \hbox (4.64594pt too wide) in paragraph at lines 915--915
[]\OT1/cmtt/m/n/9 %% Karnaugh maps from \kvfoo to \karnaughfoo. Introduced aliases for those[] 
 []

[13]
Overfull \hbox (28.27066pt too wide) in paragraph at lines 915--915
[]\OT1/cmtt/m/n/9 %% macros that are user-callable to maintain compatibility with older versions:[] 
 []


Overfull \hbox (4.64594pt too wide) in paragraph at lines 915--915
[]\OT1/cmtt/m/n/9 %% \kvmap -> \karnaughmap. However, \kvindex, \kvnoindex and \kvunitlength[] 
 []


Overfull \hbox (14.09583pt too wide) in paragraph at lines 915--915
[]\OT1/cmtt/m/n/9 %% haven't changed their names as they are related to both Karnaugh maps and[] 
 []


Overfull \hbox (18.82077pt too wide) in paragraph at lines 915--915
[]\OT1/cmtt/m/n/9 %% variable-length arguments so that it takes much less time to produce large[] 
 []


Overfull \hbox (23.54572pt too wide) in paragraph at lines 915--915
[]\OT1/cmtt/m/n/9 %% maps. Several macros so became redundant and are no longer included. Also I[] 
 []


Overfull \hbox (14.09583pt too wide) in paragraph at lines 915--915
[]\OT1/cmtt/m/n/9 %% introduced \kvindexsize and \kvcontentsize to adjust the font size of the[] 
 []


Overfull \hbox (4.64594pt too wide) in paragraph at lines 915--915
[]\OT1/cmtt/m/n/9 %% January 17th, 2001: Changed the eMail-address in the macro file and the[] 
 []


Overfull \hbox (4.64594pt too wide) in paragraph at lines 915--915
[]\OT1/cmtt/m/n/9 %% accompanying documentation and made minor changes to the documentation.[] 
 []


Overfull \hbox (18.82077pt too wide) in paragraph at lines 915--915
[]\OT1/cmtt/m/n/9 %% \kvargumentstring and \kvgetonechar so that things like {\textbf 1} in the[] 
 []

[14]
Overfull \hbox (23.54572pt too wide) in paragraph at lines 915--915
[]\OT1/cmtt/m/n/9 %% Single fields in a diagram should be indexed, which makes the map easier to[] 
 []


Overfull \hbox (9.37088pt too wide) in paragraph at lines 915--915
[]\OT1/cmtt/m/n/9 \def\kvpoweroftwo#1#2{% Computes #1=2^#2, both of which have to be counters[] 
 []


Overfull \hbox (9.37088pt too wide) in paragraph at lines 915--915
[]\OT1/cmtt/m/n/9 %% The macros \kvargumentstring, \kvgetchar and \kvgetonechar are needed to[] 
 []


Overfull \hbox (4.64594pt too wide) in paragraph at lines 915--915
[]\OT1/cmtt/m/n/9 %% process the variabe-length parameters in \karnaughmap and \veitchchart:[] 
 []


Overfull \hbox (18.82077pt too wide) in paragraph at lines 915--915
[]\OT1/cmtt/m/n/9 %% The Macro \karnaughmakemap calls itself recursively until the parameter #1[] 
 []


Overfull \hbox (14.09583pt too wide) in paragraph at lines 915--915
[]\OT1/cmtt/m/n/9 %% equals 1, whereupon it returns a single token from the list of arguments,[] 
 []


Overfull \hbox (14.09583pt too wide) in paragraph at lines 915--915
[]\OT1/cmtt/m/n/9 %% enclosed in a \makebox plus the index (if enabled) in a smaller \makebox:[] 
 []

[15]
Overfull \hbox (14.09583pt too wide) in paragraph at lines 915--915
[]\OT1/cmtt/m/n/9 %% The parameter #2 of \karnaughmakemap is needed because the inner Karnaugh[] 
 []


Overfull \hbox (23.54572pt too wide) in paragraph at lines 915--915
[]\OT1/cmtt/m/n/9 %% maps need to be mirrored. This is achieved by the following case-statement,[] 
 []

[16]
Overfull \hbox (23.54572pt too wide) in paragraph at lines 915--915
[]\OT1/cmtt/m/n/9 %% \karnaughmaketopmark typesets the variable marks of a Karnaugh map that are[] 
 []


Overfull \hbox (14.09583pt too wide) in paragraph at lines 915--915
[]    \OT1/cmtt/m/n/9 \multiply\kvmarkmove by 4 % This is the move distance for the \multiput.[] 
 []


Overfull \hbox (14.09583pt too wide) in paragraph at lines 915--915
[]    \OT1/cmtt/m/n/9 \divide\kvmarknum by \kvmarkmove % This is the number of repetitions for[] 
 []


Overfull \hbox (9.37088pt too wide) in paragraph at lines 915--915
[]    \OT1/cmtt/m/n/9 \multiput(\kvmarkstart,0)(\kvmarkmove,0){\kvmarknum}{\usebox\kvsavebox}[] 
 []


Overfull \hbox (28.27066pt too wide) in paragraph at lines 915--915
[]\OT1/cmtt/m/n/9 %% \karnaughmakeleftmark typesets the variable marks of a Karnaugh map that are[] 
 []

[17]
Overfull \hbox (14.09583pt too wide) in paragraph at lines 915--915
[]        \OT1/cmtt/m/n/9 \put(-0.3,0){\makebox(-0.7,\kvmarklength){\kvcontentsize\kvgetchar}}[] 
 []


Overfull \hbox (18.82077pt too wide) in paragraph at lines 915--915
[]    \OT1/cmtt/m/n/9 \multiput(0,-\kvmarkstart)(0,-\kvmarkmove){\kvmarknum}{\usebox\kvsavebox}[] 
 []

[18]
Overfull \hbox (18.82077pt too wide) in paragraph at lines 915--915
[]\OT1/cmtt/m/n/9 %% The definition of \kvmap is necessary to maintain compatibility with older[] 
 []


Overfull \hbox (18.82077pt too wide) in paragraph at lines 915--915
[]\OT1/cmtt/m/n/9 %% The Macro \veitchmakechart calls itself recursively until the parameter #1[] 
 []


Overfull \hbox (14.09583pt too wide) in paragraph at lines 915--915
[]\OT1/cmtt/m/n/9 %% equals 1, whereupon it returns a single token from the list of arguments,[] 
 []


Overfull \hbox (14.09583pt too wide) in paragraph at lines 915--915
[]\OT1/cmtt/m/n/9 %% enclosed in a \makebox plus the index (if enabled) in a smaller \makebox:[] 
 []

[19]
Overfull \hbox (14.09583pt too wide) in paragraph at lines 915--915
[]    \OT1/cmtt/m/n/9 \multiply\kvmarkmove by 2 % This is the move distance for the \multiput.[] 
 []


Overfull \hbox (14.09583pt too wide) in paragraph at lines 915--915
[]    \OT1/cmtt/m/n/9 \divide\kvmarknum by \kvmarkmove % This is the number of repetitions for[] 
 []


Overfull \hbox (9.37088pt too wide) in paragraph at lines 915--915
[]    \OT1/cmtt/m/n/9 \multiput(\kvmarkstart,0)(\kvmarkmove,0){\kvmarknum}{\usebox\kvsavebox}[] 
 []


Overfull \hbox (32.9956pt too wide) in paragraph at lines 915--915
[]    \OT1/cmtt/m/n/9 \multiply\kvmarkmove by 2 % This now is the move distance for the \multiput.[] 
 []

[20]
Overfull \hbox (14.09583pt too wide) in paragraph at lines 915--915
[]        \OT1/cmtt/m/n/9 \put(-0.3,0){\makebox(-0.7,\kvmarklength){\kvcontentsize\kvgetchar}}[] 
 []


Overfull \hbox (18.82077pt too wide) in paragraph at lines 915--915
[]    \OT1/cmtt/m/n/9 \multiput(0,-\kvmarkstart)(0,-\kvmarkmove){\kvmarknum}{\usebox\kvsavebox}[] 
 []

[21] [22] (/home/richsoap/Workspaces/ThreeGrade2.0/微机接口实验/latex/Lab_Write_Up_Template/Lab_Template/kvdoc.aux) ) 
Here is how much of TeX's memory you used:
 283 strings out of 493029
 4163 string characters out of 6136234
 152513 words of memory out of 5000000
 3885 multiletter control sequences out of 15000+600000
 9396 words of font info for 34 fonts, out of 8000000 for 9000
 1141 hyphenation exceptions out of 8191
 24i,20n,45p,143b,378s stack positions out of 5000i,500n,10000p,200000b,80000s
</usr/share/texlive/texmf-dist/fonts/type1/public/amsfonts/cm/cmbx12.pfb></usr/share/texlive/texmf-dist/fonts/type1/public/amsfonts/cm/cmmi10.pfb></usr/share/texlive/texmf-dist/fonts/type1/public/amsfonts/cm/cmmi7.pfb></usr/share/texlive/texmf-dist/fonts/type1/public/amsfonts/cm/cmmi8.pfb></usr/share/texlive/texmf-dist/fonts/type1/public/amsfonts/cm/cmr10.pfb></usr/share/texlive/texmf-dist/fonts/type1/public/amsfonts/cm/cmr12.pfb></usr/share/texlive/texmf-dist/fonts/type1/public/amsfonts/cm/cmr17.pfb></usr/share/texlive/texmf-dist/fonts/type1/public/amsfonts/cm/cmr5.pfb></usr/share/texlive/texmf-dist/fonts/type1/public/amsfonts/cm/cmr6.pfb></usr/share/texlive/texmf-dist/fonts/type1/public/amsfonts/cm/cmr7.pfb></usr/share/texlive/texmf-dist/fonts/type1/public/amsfonts/cm/cmr8.pfb></usr/share/texlive/texmf-dist/fonts/type1/public/amsfonts/cm/cmsy8.pfb></usr/share/tex
live/texmf-dist/fonts/type1/public/amsfonts/cm/cmti10.pfb></usr/share/texlive/texmf-dist/fonts/type1/public/amsfonts/cm/cmti8.pfb></usr/share/texlive/texmf-dist/fonts/type1/public/amsfonts/cm/cmtt10.pfb></usr/share/texlive/texmf-dist/fonts/type1/public/amsfonts/cm/cmtt12.pfb></usr/share/texlive/texmf-dist/fonts/type1/public/amsfonts/cm/cmtt9.pfb></usr/share/texlive/texmf-dist/fonts/type1/public/amsfonts/latxfont/lcircle1.pfb>
Output written on /home/richsoap/Workspaces/ThreeGrade2.0/微机接口实验/latex/Lab_Write_Up_Template/Lab_Template/kvdoc.pdf (22 pages, 231202 bytes).
PDF statistics:
 148 PDF objects out of 1000 (max. 8388607)
 104 compressed objects within 2 object streams
 0 named destinations out of 1000 (max. 500000)
 1 words of extra memory for PDF output out of 10000 (max. 10000000)

